0 info it worked if it ends with ok
1 verbose cli [ 'node', '/usr/local/bin/npm', 'install', 'flask_cors' ]
2 info using npm@1.4.23
3 info using node@v0.10.31
4 verbose cache add [ 'flask_cors', null ]
5 verbose cache add name=undefined spec="flask_cors" args=["flask_cors",null]
6 verbose parsed url { protocol: null,
6 verbose parsed url   slashes: null,
6 verbose parsed url   auth: null,
6 verbose parsed url   host: null,
6 verbose parsed url   port: null,
6 verbose parsed url   hostname: null,
6 verbose parsed url   hash: null,
6 verbose parsed url   search: null,
6 verbose parsed url   query: null,
6 verbose parsed url   pathname: 'flask_cors',
6 verbose parsed url   path: 'flask_cors',
6 verbose parsed url   href: 'flask_cors' }
7 silly lockFile f1e498fb-flask-cors flask_cors
8 verbose lock flask_cors /Users/mikluh09/.npm/f1e498fb-flask-cors.lock
9 silly lockFile f1e498fb-flask-cors flask_cors
10 silly lockFile f1e498fb-flask-cors flask_cors
11 verbose addNamed [ 'flask_cors', '' ]
12 verbose addNamed [ null, '*' ]
13 silly lockFile 9875f142-flask-cors flask_cors@
14 verbose lock flask_cors@ /Users/mikluh09/.npm/9875f142-flask-cors.lock
15 silly addNameRange { name: 'flask_cors', range: '*', hasData: false }
16 verbose request where is /flask_cors
17 verbose request registry https://registry.npmjs.org/
18 verbose request id bfe9c0cd7d564f04
19 verbose url raw /flask_cors
20 verbose url resolving [ 'https://registry.npmjs.org/', './flask_cors' ]
21 verbose url resolved https://registry.npmjs.org/flask_cors
22 verbose request where is https://registry.npmjs.org/flask_cors
23 info trying registry request attempt 1 at 10:38:02
24 http GET https://registry.npmjs.org/flask_cors
25 http 404 https://registry.npmjs.org/flask_cors
26 silly registry.get cb [ 404,
26 silly registry.get   { 'content-type': 'application/json',
26 silly registry.get     'cache-control': 'max-age=0',
26 silly registry.get     'content-length': '2',
26 silly registry.get     'accept-ranges': 'bytes',
26 silly registry.get     date: 'Sun, 06 Nov 2016 18:38:02 GMT',
26 silly registry.get     via: '1.1 varnish',
26 silly registry.get     age: '0',
26 silly registry.get     connection: 'keep-alive',
26 silly registry.get     'x-served-by': 'cache-sea1920-SEA',
26 silly registry.get     'x-cache': 'MISS',
26 silly registry.get     'x-cache-hits': '0',
26 silly registry.get     'x-timer': 'S1478457482.354695,VS0,VE25',
26 silly registry.get     vary: 'Accept-Encoding' } ]
27 silly lockFile 9875f142-flask-cors flask_cors@
28 silly lockFile 9875f142-flask-cors flask_cors@
29 error 404 Not Found
29 error 404
29 error 404 'flask_cors' is not in the npm registry.
29 error 404 You should bug the author to publish it
29 error 404
29 error 404 Note that you can also install from a
29 error 404 tarball, folder, or http url, or git url.
30 error System Darwin 16.1.0
31 error command "node" "/usr/local/bin/npm" "install" "flask_cors"
32 error cwd /Users/mikluh09/Desktop/UCDavis/2016-2017/Health++(11:5-6)/Jar-Gone
33 error node -v v0.10.31
34 error npm -v 1.4.23
35 error code E404
36 verbose exit [ 1, true ]
